
Checking platform configuration ...
IPNAME: plb_v46, INSTANCE: mb_plb - 2 master(s) : 2 slave(s) 
IPNAME: lmb_v10, INSTANCE: ilmb - 1 master(s) : 1 slave(s) 
IPNAME: lmb_v10, INSTANCE: dlmb - 1 master(s) : 1 slave(s) 
IPNAME: fsl_v20, INSTANCE: fft_coprocessor_0_to_microblaze_0 - 1 master(s) : 1
slave(s) 
IPNAME: fsl_v20, INSTANCE: microblaze_0_to_fft_coprocessor_0 - 1 master(s) : 1
slave(s) 

Checking port drivers...
WARNING:EDK:4180 - PORT: bscan_tdo1, CONNECTOR: bscan_tdo1 - No driver found.
   Port will be driven to GND -
   /opt/Xilinx/14.1/ISE_DS/EDK/hw/XilinxProcessorIPLib/pcores/mdm_v2_00_b/data/m
   dm_v2_1_0.mpd line 239 
WARNING:EDK:4180 - PORT: FSL_Rst, CONNECTOR:
   microblaze_0_to_fft_coprocessor_0_OPB_Rst - No driver found. Port will be
   driven to GND -
   /home/cc/cs150/sp13/class/cs150-ac/microblaze_fft/pcores/fft_coprocessor_v1_0
   2_a/data/fft_coprocessor_v2_1_0.mpd line 28 
WARNING:EDK:4180 - PORT: FSL_S_Clk, CONNECTOR:
   microblaze_0_to_fft_coprocessor_0_FSL_S_Clk - No driver found. Port will be
   driven to GND -
   /home/cc/cs150/sp13/class/cs150-ac/microblaze_fft/pcores/fft_coprocessor_v1_0
   2_a/data/fft_coprocessor_v2_1_0.mpd line 29 
WARNING:EDK:4180 - PORT: FSL_M_Clk, CONNECTOR:
   fft_coprocessor_0_to_microblaze_0_FSL_M_Clk - No driver found. Port will be
   driven to GND -
   /home/cc/cs150/sp13/class/cs150-ac/microblaze_fft/pcores/fft_coprocessor_v1_0
   2_a/data/fft_coprocessor_v2_1_0.mpd line 34 
WARNING:EDK:4181 - PORT: FSL0_S_CLK, CONNECTOR:
   fft_coprocessor_0_to_microblaze_0_FSL_S_Clk - floating connection -
   /opt/Xilinx/14.1/ISE_DS/EDK/hw/XilinxProcessorIPLib/pcores/microblaze_v8_30_a
   /data/microblaze_v2_1_0.mpd line 695 
WARNING:EDK:4181 - PORT: FSL0_M_CLK, CONNECTOR:
   microblaze_0_to_fft_coprocessor_0_FSL_M_Clk - floating connection -
   /opt/Xilinx/14.1/ISE_DS/EDK/hw/XilinxProcessorIPLib/pcores/microblaze_v8_30_a
   /data/microblaze_v2_1_0.mpd line 700 
WARNING:EDK:4181 - PORT: bscan_tdi, CONNECTOR: bscan_tdi - floating connection -
   /opt/Xilinx/14.1/ISE_DS/EDK/hw/XilinxProcessorIPLib/pcores/mdm_v2_00_b/data/m
   dm_v2_1_0.mpd line 232 
WARNING:EDK:4181 - PORT: bscan_reset, CONNECTOR: bscan_reset - floating
   connection -
   /opt/Xilinx/14.1/ISE_DS/EDK/hw/XilinxProcessorIPLib/pcores/mdm_v2_00_b/data/m
   dm_v2_1_0.mpd line 233 
WARNING:EDK:4181 - PORT: bscan_shift, CONNECTOR: bscan_shift - floating
   connection -
   /opt/Xilinx/14.1/ISE_DS/EDK/hw/XilinxProcessorIPLib/pcores/mdm_v2_00_b/data/m
   dm_v2_1_0.mpd line 234 
WARNING:EDK:4181 - PORT: bscan_update, CONNECTOR: bscan_update - floating
   connection -
   /opt/Xilinx/14.1/ISE_DS/EDK/hw/XilinxProcessorIPLib/pcores/mdm_v2_00_b/data/m
   dm_v2_1_0.mpd line 235 
WARNING:EDK:4181 - PORT: bscan_capture, CONNECTOR: bscan_capture - floating
   connection -
   /opt/Xilinx/14.1/ISE_DS/EDK/hw/XilinxProcessorIPLib/pcores/mdm_v2_00_b/data/m
   dm_v2_1_0.mpd line 236 
WARNING:EDK:4181 - PORT: bscan_sel1, CONNECTOR: bscan_sel1 - floating connection
   -
   /opt/Xilinx/14.1/ISE_DS/EDK/hw/XilinxProcessorIPLib/pcores/mdm_v2_00_b/data/m
   dm_v2_1_0.mpd line 237 
WARNING:EDK:4181 - PORT: bscan_drck1, CONNECTOR: bscan_drck1 - floating
   connection -
   /opt/Xilinx/14.1/ISE_DS/EDK/hw/XilinxProcessorIPLib/pcores/mdm_v2_00_b/data/m
   dm_v2_1_0.mpd line 238 
WARNING:EDK:4181 - PORT: Peripheral_Reset, CONNECTOR: sys_periph_reset -
   floating connection -
   /home/cc/cs150/sp13/class/cs150-ac/microblaze_fft/system.mhs line 137 

Performing Clock DRCs...

Performing Reset DRCs...

Overriding system level properties...

Running system level update procedures...

Running UPDATE Tcl procedures for OPTION SYSLEVEL_UPDATE_PROC...

Running system level DRCs...

Performing System level DRCs on properties...

Running DRC Tcl procedures for OPTION SYSLEVEL_DRC_PROC...
Conversion to XML complete.
