Release 14.1 Xflow P.15xf (lin64)
Copyright (c) 1995-2012 Xilinx, Inc.  All rights reserved.
xflow -wd implementation -p xc5vlx110tff1136-1 -implement xflow.opt system.ngc  
PMSPEC -- Overriding Xilinx file
</opt/Xilinx/14.1/ISE_DS/EDK/virtex5/data/virtex5.acd> with local file
</opt/Xilinx/14.1/ISE_DS/ISE/virtex5/data/virtex5.acd>
.... Copying flowfile /opt/Xilinx/14.1/ISE_DS/ISE/xilinx/data/fpga.flw into
working directory
/home/cc/cs150/sp13/class/cs150-ac/microblaze_fft/implementation 

Using Flow File:
/home/cc/cs150/sp13/class/cs150-ac/microblaze_fft/implementation/fpga.flw 
Using Option File(s): 
 /home/cc/cs150/sp13/class/cs150-ac/microblaze_fft/implementation/xflow.opt 

Creating Script File ... 

#----------------------------------------------#
# Starting program ngdbuild
# ngdbuild -p xc5vlx110tff1136-1 -nt timestamp -bm system.bmm
"/home/cc/cs150/sp13/class/cs150-ac/microblaze_fft/implementation/system.ngc"
-uc system.ucf system.ngd 
#----------------------------------------------#
Release 14.1 - ngdbuild P.15xf (lin64)
Copyright (c) 1995-2012 Xilinx, Inc.  All rights reserved.
PMSPEC -- Overriding Xilinx file
</opt/Xilinx/14.1/ISE_DS/EDK/virtex5/data/virtex5.acd> with local file
</opt/Xilinx/14.1/ISE_DS/ISE/virtex5/data/virtex5.acd>

Command Line: /opt/Xilinx/14.1/ISE_DS/ISE/bin/lin64/unwrapped/ngdbuild -p
xc5vlx110tff1136-1 -nt timestamp -bm system.bmm
/home/cc/cs150/sp13/class/cs150-ac/microblaze_fft/implementation/system.ngc -uc
system.ucf system.ngd

Reading NGO file
"/home/cc/cs150/sp13/class/cs150-ac/microblaze_fft/implementation/system.ngc"
...
Loading design module
"/home/cc/cs150/sp13/class/cs150-ac/microblaze_fft/implementation/system_microbl
aze_0_wrapper.ngc"...
Loading design module
"/home/cc/cs150/sp13/class/cs150-ac/microblaze_fft/implementation/system_mb_plb_
wrapper.ngc"...
Loading design module
"/home/cc/cs150/sp13/class/cs150-ac/microblaze_fft/implementation/system_ilmb_wr
apper.ngc"...
Loading design module
"/home/cc/cs150/sp13/class/cs150-ac/microblaze_fft/implementation/system_dlmb_wr
apper.ngc"...
Loading design module
"/home/cc/cs150/sp13/class/cs150-ac/microblaze_fft/implementation/system_dlmb_cn
tlr_wrapper.ngc"...
Loading design module
"/home/cc/cs150/sp13/class/cs150-ac/microblaze_fft/implementation/system_ilmb_cn
tlr_wrapper.ngc"...
Loading design module
"/home/cc/cs150/sp13/class/cs150-ac/microblaze_fft/implementation/system_lmb_bra
m_wrapper.ngc"...
Loading design module
"/home/cc/cs150/sp13/class/cs150-ac/microblaze_fft/implementation/system_rs232_u
art_1_wrapper.ngc"...
Loading design module
"/home/cc/cs150/sp13/class/cs150-ac/microblaze_fft/implementation/system_clock_g
enerator_0_wrapper.ngc"...
Loading design module
"/home/cc/cs150/sp13/class/cs150-ac/microblaze_fft/implementation/system_mdm_0_w
rapper.ngc"...
Loading design module
"/home/cc/cs150/sp13/class/cs150-ac/microblaze_fft/implementation/system_proc_sy
s_reset_0_wrapper.ngc"...
Gathering constraint information from source properties...
Done.

Annotating constraints to design from ucf file "system.ucf" ...
Resolving constraint associations...
Checking Constraint Associations...
INFO:ConstraintSystem:178 - TNM 'sys_clk_pin', used in period specification
   'TS_sys_clk_pin', was traced into PLL_ADV instance
   clock_generator_0/PLL0_INST/Using_PLL_ADV.PLL_ADV_inst. The following new TNM
   groups and period specifications were generated at the PLL_ADV output(s): 
   CLKOUT0: <TIMESPEC TS_clock_generator_0_clock_generator_0_SIG_PLL0_CLKOUT0 =
   PERIOD "clock_generator_0_clock_generator_0_SIG_PLL0_CLKOUT0" TS_sys_clk_pin
   * 0.5 HIGH 50%>

Done...

Processing BMM file "system.bmm" ...

Checking expanded design ...

Partition Implementation Status
-------------------------------

  No Partitions were found in this design.

-------------------------------

NGDBUILD Design Results Summary:
  Number of errors:     0
  Number of warnings:   0

Writing NGD file "system.ngd" ...
Total REAL time to NGDBUILD completion:  58 sec
Total CPU time to NGDBUILD completion:   57 sec

Writing NGDBUILD log file "system.bld"...

NGDBUILD done.



#----------------------------------------------#
# Starting program map
# map -o system_map.ncd -w -pr b -ol high -timing -detail system.ngd system.pcf 
#----------------------------------------------#
Release 14.1 - Map P.15xf (lin64)
Copyright (c) 1995-2012 Xilinx, Inc.  All rights reserved.
PMSPEC -- Overriding Xilinx file
</opt/Xilinx/14.1/ISE_DS/EDK/data/Xdh_PrimTypeLib.xda> with local file
</opt/Xilinx/14.1/ISE_DS/ISE/data/Xdh_PrimTypeLib.xda>
Using target part "5vlx110tff1136-1".
vvvvvvvvvvvvvvvvvvvvvvvvvvvvvvvvvvvvvvvvvvvvvvvvvvvvvvvvvvvvvvvvvvvvvv
INFO:Security:50 - The XILINXD_LICENSE_FILE environment variable is set to
'2100@license-srv.eecs.berkeley.edu'.
INFO:Security:53 - The LM_LICENSE_FILE environment variable is not set.
INFO:Security:56 - Part 'xc5vlx110t' is not a WebPack part.
WARNING:Security:43 - No license file was found in the standard Xilinx license
directory.
WARNING:Security:44 - Since no license file was found,
       please run the Xilinx License Configuration Manager
       (xlcm or "Manage Xilinx Licenses")
       to assist in obtaining a license.
WARNING:Security:42 - Your software subscription period has lapsed. Your current
version of Xilinx tools will continue to function, but you no longer qualify for
Xilinx software updates or new releases.
----------------------------------------------------------------------
Mapping design into LUTs...
Writing file system_map.ngm...
WARNING:Pack:2874 - Trimming timing constraints from pin
   lmb_bram/lmb_bram/ramb36_0
   of frag REGCLKAU connected to power/ground net
   lmb_bram/lmb_bram/ramb36_0_REGCLKAU_tiesig
WARNING:Pack:2874 - Trimming timing constraints from pin
   lmb_bram/lmb_bram/ramb36_0
   of frag REGCLKAL connected to power/ground net
   lmb_bram/lmb_bram/ramb36_0_REGCLKAL_tiesig
WARNING:Pack:2874 - Trimming timing constraints from pin
   lmb_bram/lmb_bram/ramb36_0
   of frag REGCLKBU connected to power/ground net
   lmb_bram/lmb_bram/ramb36_0_REGCLKBU_tiesig
WARNING:Pack:2874 - Trimming timing constraints from pin
   lmb_bram/lmb_bram/ramb36_0
   of frag REGCLKBL connected to power/ground net
   lmb_bram/lmb_bram/ramb36_0_REGCLKBL_tiesig
WARNING:Pack:2874 - Trimming timing constraints from pin
   lmb_bram/lmb_bram/ramb36_1
   of frag REGCLKAU connected to power/ground net
   lmb_bram/lmb_bram/ramb36_1_REGCLKAU_tiesig
WARNING:Pack:2874 - Trimming timing constraints from pin
   lmb_bram/lmb_bram/ramb36_1
   of frag REGCLKAL connected to power/ground net
   lmb_bram/lmb_bram/ramb36_1_REGCLKAL_tiesig
WARNING:Pack:2874 - Trimming timing constraints from pin
   lmb_bram/lmb_bram/ramb36_1
   of frag REGCLKBU connected to power/ground net
   lmb_bram/lmb_bram/ramb36_1_REGCLKBU_tiesig
WARNING:Pack:2874 - Trimming timing constraints from pin
   lmb_bram/lmb_bram/ramb36_1
   of frag REGCLKBL connected to power/ground net
   lmb_bram/lmb_bram/ramb36_1_REGCLKBL_tiesig
WARNING:Pack:2874 - Trimming timing constraints from pin
   lmb_bram/lmb_bram/ramb36_10
   of frag REGCLKAU connected to power/ground net
   lmb_bram/lmb_bram/ramb36_10_REGCLKAU_tiesig
WARNING:Pack:2874 - Trimming timing constraints from pin
   lmb_bram/lmb_bram/ramb36_10
   of frag REGCLKAL connected to power/ground net
   lmb_bram/lmb_bram/ramb36_10_REGCLKAL_tiesig
WARNING:Pack:2874 - Trimming timing constraints from pin
   lmb_bram/lmb_bram/ramb36_10
   of frag REGCLKBU connected to power/ground net
   lmb_bram/lmb_bram/ramb36_10_REGCLKBU_tiesig
WARNING:Pack:2874 - Trimming timing constraints from pin
   lmb_bram/lmb_bram/ramb36_10
   of frag REGCLKBL connected to power/ground net
   lmb_bram/lmb_bram/ramb36_10_REGCLKBL_tiesig
WARNING:Pack:2874 - Trimming timing constraints from pin
   lmb_bram/lmb_bram/ramb36_11
   of frag REGCLKAU connected to power/ground net
   lmb_bram/lmb_bram/ramb36_11_REGCLKAU_tiesig
WARNING:Pack:2874 - Trimming timing constraints from pin
   lmb_bram/lmb_bram/ramb36_11
   of frag REGCLKAL connected to power/ground net
   lmb_bram/lmb_bram/ramb36_11_REGCLKAL_tiesig
WARNING:Pack:2874 - Trimming timing constraints from pin
   lmb_bram/lmb_bram/ramb36_11
   of frag REGCLKBU connected to power/ground net
   lmb_bram/lmb_bram/ramb36_11_REGCLKBU_tiesig
WARNING:Pack:2874 - Trimming timing constraints from pin
   lmb_bram/lmb_bram/ramb36_11
   of frag REGCLKBL connected to power/ground net
   lmb_bram/lmb_bram/ramb36_11_REGCLKBL_tiesig
WARNING:Pack:2874 - Trimming timing constraints from pin
   lmb_bram/lmb_bram/ramb36_12
   of frag REGCLKAU connected to power/ground net
   lmb_bram/lmb_bram/ramb36_12_REGCLKAU_tiesig
WARNING:Pack:2874 - Trimming timing constraints from pin
   lmb_bram/lmb_bram/ramb36_12
   of frag REGCLKAL connected to power/ground net
   lmb_bram/lmb_bram/ramb36_12_REGCLKAL_tiesig
WARNING:Pack:2874 - Trimming timing constraints from pin
   lmb_bram/lmb_bram/ramb36_12
   of frag REGCLKBU connected to power/ground net
   lmb_bram/lmb_bram/ramb36_12_REGCLKBU_tiesig
WARNING:Pack:2874 - Trimming timing constraints from pin
   lmb_bram/lmb_bram/ramb36_12
   of frag REGCLKBL connected to power/ground net
   lmb_bram/lmb_bram/ramb36_12_REGCLKBL_tiesig
WARNING:Pack:2874 - Trimming timing constraints from pin
   lmb_bram/lmb_bram/ramb36_13
   of frag REGCLKAU connected to power/ground net
   lmb_bram/lmb_bram/ramb36_13_REGCLKAU_tiesig
WARNING:Pack:2874 - Trimming timing constraints from pin
   lmb_bram/lmb_bram/ramb36_13
   of frag REGCLKAL connected to power/ground net
   lmb_bram/lmb_bram/ramb36_13_REGCLKAL_tiesig
WARNING:Pack:2874 - Trimming timing constraints from pin
   lmb_bram/lmb_bram/ramb36_13
   of frag REGCLKBU connected to power/ground net
   lmb_bram/lmb_bram/ramb36_13_REGCLKBU_tiesig
WARNING:Pack:2874 - Trimming timing constraints from pin
   lmb_bram/lmb_bram/ramb36_13
   of frag REGCLKBL connected to power/ground net
   lmb_bram/lmb_bram/ramb36_13_REGCLKBL_tiesig
WARNING:Pack:2874 - Trimming timing constraints from pin
   lmb_bram/lmb_bram/ramb36_14
   of frag REGCLKAU connected to power/ground net
   lmb_bram/lmb_bram/ramb36_14_REGCLKAU_tiesig
WARNING:Pack:2874 - Trimming timing constraints from pin
   lmb_bram/lmb_bram/ramb36_14
   of frag REGCLKAL connected to power/ground net
   lmb_bram/lmb_bram/ramb36_14_REGCLKAL_tiesig
WARNING:Pack:2874 - Trimming timing constraints from pin
   lmb_bram/lmb_bram/ramb36_14
   of frag REGCLKBU connected to power/ground net
   lmb_bram/lmb_bram/ramb36_14_REGCLKBU_tiesig
WARNING:Pack:2874 - Trimming timing constraints from pin
   lmb_bram/lmb_bram/ramb36_14
   of frag REGCLKBL connected to power/ground net
   lmb_bram/lmb_bram/ramb36_14_REGCLKBL_tiesig
WARNING:Pack:2874 - Trimming timing constraints from pin
   lmb_bram/lmb_bram/ramb36_15
   of frag REGCLKAU connected to power/ground net
   lmb_bram/lmb_bram/ramb36_15_REGCLKAU_tiesig
WARNING:Pack:2874 - Trimming timing constraints from pin
   lmb_bram/lmb_bram/ramb36_15
   of frag REGCLKAL connected to power/ground net
   lmb_bram/lmb_bram/ramb36_15_REGCLKAL_tiesig
WARNING:Pack:2874 - Trimming timing constraints from pin
   lmb_bram/lmb_bram/ramb36_15
   of frag REGCLKBU connected to power/ground net
   lmb_bram/lmb_bram/ramb36_15_REGCLKBU_tiesig
WARNING:Pack:2874 - Trimming timing constraints from pin
   lmb_bram/lmb_bram/ramb36_15
   of frag REGCLKBL connected to power/ground net
   lmb_bram/lmb_bram/ramb36_15_REGCLKBL_tiesig
WARNING:Pack:2874 - Trimming timing constraints from pin
   lmb_bram/lmb_bram/ramb36_2
   of frag REGCLKAU connected to power/ground net
   lmb_bram/lmb_bram/ramb36_2_REGCLKAU_tiesig
WARNING:Pack:2874 - Trimming timing constraints from pin
   lmb_bram/lmb_bram/ramb36_2
   of frag REGCLKAL connected to power/ground net
   lmb_bram/lmb_bram/ramb36_2_REGCLKAL_tiesig
WARNING:Pack:2874 - Trimming timing constraints from pin
   lmb_bram/lmb_bram/ramb36_2
   of frag REGCLKBU connected to power/ground net
   lmb_bram/lmb_bram/ramb36_2_REGCLKBU_tiesig
WARNING:Pack:2874 - Trimming timing constraints from pin
   lmb_bram/lmb_bram/ramb36_2
   of frag REGCLKBL connected to power/ground net
   lmb_bram/lmb_bram/ramb36_2_REGCLKBL_tiesig
WARNING:Pack:2874 - Trimming timing constraints from pin
   lmb_bram/lmb_bram/ramb36_3
   of frag REGCLKAU connected to power/ground net
   lmb_bram/lmb_bram/ramb36_3_REGCLKAU_tiesig
WARNING:Pack:2874 - Trimming timing constraints from pin
   lmb_bram/lmb_bram/ramb36_3
   of frag REGCLKAL connected to power/ground net
   lmb_bram/lmb_bram/ramb36_3_REGCLKAL_tiesig
WARNING:Pack:2874 - Trimming timing constraints from pin
   lmb_bram/lmb_bram/ramb36_3
   of frag REGCLKBU connected to power/ground net
   lmb_bram/lmb_bram/ramb36_3_REGCLKBU_tiesig
WARNING:Pack:2874 - Trimming timing constraints from pin
   lmb_bram/lmb_bram/ramb36_3
   of frag REGCLKBL connected to power/ground net
   lmb_bram/lmb_bram/ramb36_3_REGCLKBL_tiesig
WARNING:Pack:2874 - Trimming timing constraints from pin
   lmb_bram/lmb_bram/ramb36_4
   of frag REGCLKAU connected to power/ground net
   lmb_bram/lmb_bram/ramb36_4_REGCLKAU_tiesig
WARNING:Pack:2874 - Trimming timing constraints from pin
   lmb_bram/lmb_bram/ramb36_4
   of frag REGCLKAL connected to power/ground net
   lmb_bram/lmb_bram/ramb36_4_REGCLKAL_tiesig
WARNING:Pack:2874 - Trimming timing constraints from pin
   lmb_bram/lmb_bram/ramb36_4
   of frag REGCLKBU connected to power/ground net
   lmb_bram/lmb_bram/ramb36_4_REGCLKBU_tiesig
WARNING:Pack:2874 - Trimming timing constraints from pin
   lmb_bram/lmb_bram/ramb36_4
   of frag REGCLKBL connected to power/ground net
   lmb_bram/lmb_bram/ramb36_4_REGCLKBL_tiesig
WARNING:Pack:2874 - Trimming timing constraints from pin
   lmb_bram/lmb_bram/ramb36_5
   of frag REGCLKAU connected to power/ground net
   lmb_bram/lmb_bram/ramb36_5_REGCLKAU_tiesig
WARNING:Pack:2874 - Trimming timing constraints from pin
   lmb_bram/lmb_bram/ramb36_5
   of frag REGCLKAL connected to power/ground net
   lmb_bram/lmb_bram/ramb36_5_REGCLKAL_tiesig
WARNING:Pack:2874 - Trimming timing constraints from pin
   lmb_bram/lmb_bram/ramb36_5
   of frag REGCLKBU connected to power/ground net
   lmb_bram/lmb_bram/ramb36_5_REGCLKBU_tiesig
WARNING:Pack:2874 - Trimming timing constraints from pin
   lmb_bram/lmb_bram/ramb36_5
   of frag REGCLKBL connected to power/ground net
   lmb_bram/lmb_bram/ramb36_5_REGCLKBL_tiesig
WARNING:Pack:2874 - Trimming timing constraints from pin
   lmb_bram/lmb_bram/ramb36_6
   of frag REGCLKAU connected to power/ground net
   lmb_bram/lmb_bram/ramb36_6_REGCLKAU_tiesig
WARNING:Pack:2874 - Trimming timing constraints from pin
   lmb_bram/lmb_bram/ramb36_6
   of frag REGCLKAL connected to power/ground net
   lmb_bram/lmb_bram/ramb36_6_REGCLKAL_tiesig
WARNING:Pack:2874 - Trimming timing constraints from pin
   lmb_bram/lmb_bram/ramb36_6
   of frag REGCLKBU connected to power/ground net
   lmb_bram/lmb_bram/ramb36_6_REGCLKBU_tiesig
WARNING:Pack:2874 - Trimming timing constraints from pin
   lmb_bram/lmb_bram/ramb36_6
   of frag REGCLKBL connected to power/ground net
   lmb_bram/lmb_bram/ramb36_6_REGCLKBL_tiesig
WARNING:Pack:2874 - Trimming timing constraints from pin
   lmb_bram/lmb_bram/ramb36_7
   of frag REGCLKAU connected to power/ground net
   lmb_bram/lmb_bram/ramb36_7_REGCLKAU_tiesig
WARNING:Pack:2874 - Trimming timing constraints from pin
   lmb_bram/lmb_bram/ramb36_7
   of frag REGCLKAL connected to power/ground net
   lmb_bram/lmb_bram/ramb36_7_REGCLKAL_tiesig
WARNING:Pack:2874 - Trimming timing constraints from pin
   lmb_bram/lmb_bram/ramb36_7
   of frag REGCLKBU connected to power/ground net
   lmb_bram/lmb_bram/ramb36_7_REGCLKBU_tiesig
WARNING:Pack:2874 - Trimming timing constraints from pin
   lmb_bram/lmb_bram/ramb36_7
   of frag REGCLKBL connected to power/ground net
   lmb_bram/lmb_bram/ramb36_7_REGCLKBL_tiesig
WARNING:Pack:2874 - Trimming timing constraints from pin
   lmb_bram/lmb_bram/ramb36_8
   of frag REGCLKAU connected to power/ground net
   lmb_bram/lmb_bram/ramb36_8_REGCLKAU_tiesig
WARNING:Pack:2874 - Trimming timing constraints from pin
   lmb_bram/lmb_bram/ramb36_8
   of frag REGCLKAL connected to power/ground net
   lmb_bram/lmb_bram/ramb36_8_REGCLKAL_tiesig
WARNING:Pack:2874 - Trimming timing constraints from pin
   lmb_bram/lmb_bram/ramb36_8
   of frag REGCLKBU connected to power/ground net
   lmb_bram/lmb_bram/ramb36_8_REGCLKBU_tiesig
WARNING:Pack:2874 - Trimming timing constraints from pin
   lmb_bram/lmb_bram/ramb36_8
   of frag REGCLKBL connected to power/ground net
   lmb_bram/lmb_bram/ramb36_8_REGCLKBL_tiesig
WARNING:Pack:2874 - Trimming timing constraints from pin
   lmb_bram/lmb_bram/ramb36_9
   of frag REGCLKAU connected to power/ground net
   lmb_bram/lmb_bram/ramb36_9_REGCLKAU_tiesig
WARNING:Pack:2874 - Trimming timing constraints from pin
   lmb_bram/lmb_bram/ramb36_9
   of frag REGCLKAL connected to power/ground net
   lmb_bram/lmb_bram/ramb36_9_REGCLKAL_tiesig
WARNING:Pack:2874 - Trimming timing constraints from pin
   lmb_bram/lmb_bram/ramb36_9
   of frag REGCLKBU connected to power/ground net
   lmb_bram/lmb_bram/ramb36_9_REGCLKBU_tiesig
WARNING:Pack:2874 - Trimming timing constraints from pin
   lmb_bram/lmb_bram/ramb36_9
   of frag REGCLKBL connected to power/ground net
   lmb_bram/lmb_bram/ramb36_9_REGCLKBL_tiesig
Running directed packing...
Running delay-based LUT packing...
Updating timing models...
INFO:Map:215 - The Interim Design Summary has been generated in the MAP Report
   (.mrp).
Running timing-driven placement...
Total REAL time at the beginning of Placer: 49 secs 
Total CPU  time at the beginning of Placer: 44 secs 

Phase 1.1  Initial Placement Analysis
Phase 1.1  Initial Placement Analysis (Checksum:1119cfd2) REAL time: 54 secs 

Phase 2.7  Design Feasibility Check
Phase 2.7  Design Feasibility Check (Checksum:1119cfd2) REAL time: 54 secs 

Phase 3.31  Local Placement Optimization
Phase 3.31  Local Placement Optimization (Checksum:5209c04f) REAL time: 54 secs 

Phase 4.37  Local Placement Optimization
Phase 4.37  Local Placement Optimization (Checksum:5209c04f) REAL time: 54 secs 

Phase 5.33  Local Placement Optimization
Phase 5.33  Local Placement Optimization (Checksum:5209c04f) REAL time: 1 mins 47 secs 

Phase 6.32  Local Placement Optimization
Phase 6.32  Local Placement Optimization (Checksum:5209c04f) REAL time: 1 mins 47 secs 

Phase 7.2  Initial Clock and IO Placement

Phase 7.2  Initial Clock and IO Placement (Checksum:3468709d) REAL time: 1 mins 49 secs 

Phase 8.36  Local Placement Optimization
Phase 8.36  Local Placement Optimization (Checksum:3468709d) REAL time: 1 mins 49 secs 

Phase 9.30  Global Clock Region Assignment
Phase 9.30  Global Clock Region Assignment (Checksum:3468709d) REAL time: 1 mins 49 secs 

Phase 10.3  Local Placement Optimization
Phase 10.3  Local Placement Optimization (Checksum:3468709d) REAL time: 1 mins 49 secs 

Phase 11.5  Local Placement Optimization
Phase 11.5  Local Placement Optimization (Checksum:3468709d) REAL time: 1 mins 49 secs 

Phase 12.8  Global Placement
...................................................................................................................................................................
..............
Phase 12.8  Global Placement (Checksum:fdc0477d) REAL time: 1 mins 57 secs 

Phase 13.29  Local Placement Optimization
Phase 13.29  Local Placement Optimization (Checksum:fdc0477d) REAL time: 1 mins 57 secs 

Phase 14.5  Local Placement Optimization
Phase 14.5  Local Placement Optimization (Checksum:fdc0477d) REAL time: 1 mins 58 secs 

Phase 15.18  Placement Optimization
Phase 15.18  Placement Optimization (Checksum:2fa789c5) REAL time: 3 mins 35 secs 

Phase 16.5  Local Placement Optimization
Phase 16.5  Local Placement Optimization (Checksum:2fa789c5) REAL time: 3 mins 36 secs 

Phase 17.34  Placement Validation
Phase 17.34  Placement Validation (Checksum:2fa789c5) REAL time: 3 mins 36 secs 

Total REAL time to Placer completion: 3 mins 37 secs 
Total CPU  time to Placer completion: 3 mins 28 secs 
Running post-placement packing...
Writing output files...

Design Summary:
Number of errors:      0
Number of warnings:   64
Slice Logic Utilization:
  Number of Slice Registers:                 1,527 out of  69,120    2%
    Number used as Flip Flops:               1,510
    Number used as Latch-thrus:                 17
  Number of Slice LUTs:                      1,853 out of  69,120    2%
    Number used as logic:                    1,721 out of  69,120    2%
      Number using O6 output only:           1,569
      Number using O5 output only:              48
      Number using O5 and O6:                  104
    Number used as Memory:                     128 out of  17,920    1%
      Number used as Dual Port RAM:             64
        Number using O5 and O6:                 64
      Number used as Shift Register:            64
        Number using O6 output only:            63
        Number using O5 output only:             1
    Number used as exclusive route-thru:         4
  Number of route-thrus:                        56
    Number using O6 output only:                50
    Number using O5 output only:                 4
    Number using O5 and O6:                      2

Slice Logic Distribution:
  Number of occupied Slices:                   957 out of  17,280    5%
  Number of LUT Flip Flop pairs used:        2,539
    Number with an unused Flip Flop:         1,012 out of   2,539   39%
    Number with an unused LUT:                 686 out of   2,539   27%
    Number of fully used LUT-FF pairs:         841 out of   2,539   33%
    Number of unique control sets:             161
    Number of slice register sites lost
      to control set restrictions:             322 out of  69,120    1%

  A LUT Flip Flop pair for this architecture represents one LUT paired with
  one Flip Flop within a slice.  A control set is a unique combination of
  clock, reset, set, and enable signals for a registered element.
  The Slice Logic Distribution report is not meaningful if the design is
  over-mapped for a non-slice resource or if Placement fails.
  OVERMAPPING of BRAM resources should be ignored if the design is
  over-mapped for a non-BRAM resource or if placement fails.

IO Utilization:
  Number of bonded IOBs:                         4 out of     640    1%
    Number of LOCed IOBs:                        4 out of       4  100%
    IOB Flip Flops:                              3

Specific Feature Utilization:
  Number of BlockRAM/FIFO:                      16 out of     148   10%
    Number using BlockRAM only:                 16
    Total primitives used:
      Number of 36k BlockRAM used:              16
    Total Memory used (KB):                    576 out of   5,328   10%
  Number of BUFG/BUFGCTRLs:                      2 out of      32    6%
    Number used as BUFGs:                        2
  Number of BSCANs:                              1 out of       4   25%
  Number of DSP48Es:                             3 out of      64    4%
  Number of PLL_ADVs:                            1 out of       6   16%

Average Fanout of Non-Clock Nets:                4.28

Peak Memory Usage:  1084 MB
Total REAL time to MAP completion:  3 mins 44 secs 
Total CPU time to MAP completion:   3 mins 35 secs 

Mapping completed.
See MAP report file "system_map.mrp" for details.



#----------------------------------------------#
# Starting program par
# par -w -ol high system_map.ncd system.ncd system.pcf 
#----------------------------------------------#
Release 14.1 - par P.15xf (lin64)
Copyright (c) 1995-2012 Xilinx, Inc.  All rights reserved.
PMSPEC -- Overriding Xilinx file </opt/Xilinx/14.1/ISE_DS/EDK/data/parBmgr.acd> with local file
</opt/Xilinx/14.1/ISE_DS/ISE/data/parBmgr.acd>



Constraints file: system.pcf.
Loading device for application Rf_Device from file '5vlx110t.nph' in environment
/opt/Xilinx/14.1/ISE_DS/ISE/:/opt/Xilinx/14.1/ISE_DS/EDK.
   "system" is an NCD, version 3.2, device xc5vlx110t, package ff1136, speed -1
vvvvvvvvvvvvvvvvvvvvvvvvvvvvvvvvvvvvvvvvvvvvvvvvvvvvvvvvvvvvvvvvvvvvvv
INFO:Security:50 - The XILINXD_LICENSE_FILE environment variable is set to '2100@license-srv.eecs.berkeley.edu'.
INFO:Security:53 - The LM_LICENSE_FILE environment variable is not set.
INFO:Security:56 - Part 'xc5vlx110t' is not a WebPack part.
WARNING:Security:43 - No license file was found in the standard Xilinx license directory.
WARNING:Security:44 - Since no license file was found,
       please run the Xilinx License Configuration Manager
       (xlcm or "Manage Xilinx Licenses")
       to assist in obtaining a license.
WARNING:Security:42 - Your software subscription period has lapsed. Your current version of Xilinx tools will continue
to function, but you no longer qualify for Xilinx software updates or new releases.

----------------------------------------------------------------------

Initializing temperature to 85.000 Celsius. (default - Range: 0.000 to 85.000 Celsius)
Initializing voltage to 0.950 Volts. (default - Range: 0.950 to 1.050 Volts)


Device speed data version:  "PRODUCTION 1.73 2012-04-23".



Device Utilization Summary:

   Number of BSCANs                          1 out of 4      25%
   Number of BUFGs                           2 out of 32      6%
   Number of DSP48Es                         3 out of 64      4%
   Number of ILOGICs                         2 out of 800     1%
   Number of External IOBs                   4 out of 640     1%
      Number of LOCed IOBs                   4 out of 4     100%

   Number of OLOGICs                         1 out of 800     1%
   Number of PLL_ADVs                        1 out of 6      16%
   Number of RAMB36_EXPs                    16 out of 148    10%
   Number of Slices                        957 out of 17280   5%
   Number of Slice Registers              1527 out of 69120   2%
      Number used as Flip Flops           1510
      Number used as Latches                 0
      Number used as LatchThrus             17

   Number of Slice LUTS                   1853 out of 69120   2%
   Number of Slice LUT-Flip Flop pairs    2539 out of 69120   3%


Overall effort level (-ol):   High 
Router effort level (-rl):    High 

Starting initial Timing Analysis.  REAL time: 28 secs 
Finished initial Timing Analysis.  REAL time: 28 secs 

WARNING:Par:288 - The signal dlmb_LMB_ABus<30> has no load.  PAR will not attempt to route this signal.
WARNING:Par:288 - The signal dlmb_LMB_ABus<31> has no load.  PAR will not attempt to route this signal.
Starting Router


Phase  1  : 13472 unrouted;      REAL time: 32 secs 

Phase  2  : 11482 unrouted;      REAL time: 34 secs 

Phase  3  : 4313 unrouted;      REAL time: 42 secs 

Phase  4  : 4313 unrouted; (Setup:0, Hold:0, Component Switching Limit:0)     REAL time: 55 secs 

Updating file: system.ncd with current fully routed design.

Phase  5  : 0 unrouted; (Setup:0, Hold:0, Component Switching Limit:0)     REAL time: 1 mins 5 secs 

Phase  6  : 0 unrouted; (Setup:0, Hold:0, Component Switching Limit:0)     REAL time: 1 mins 5 secs 

Phase  7  : 0 unrouted; (Setup:0, Hold:0, Component Switching Limit:0)     REAL time: 1 mins 5 secs 

Phase  8  : 0 unrouted; (Setup:0, Hold:0, Component Switching Limit:0)     REAL time: 1 mins 5 secs 

Phase  9  : 0 unrouted; (Setup:0, Hold:0, Component Switching Limit:0)     REAL time: 1 mins 5 secs 

Phase 10  : 0 unrouted; (Setup:0, Hold:0, Component Switching Limit:0)     REAL time: 1 mins 8 secs 
Total REAL time to Router completion: 1 mins 8 secs 
Total CPU time to Router completion: 1 mins 9 secs 

Partition Implementation Status
-------------------------------

  No Partitions were found in this design.

-------------------------------

Generating "PAR" statistics.

**************************
Generating Clock Report
**************************

+---------------------+--------------+------+------+------------+-------------+
|        Clock Net    |   Resource   |Locked|Fanout|Net Skew(ns)|Max Delay(ns)|
+---------------------+--------------+------+------+------------+-------------+
|      clk_50_0000MHz | BUFGCTRL_X0Y0| No   |  707 |  0.561     |  2.204      |
+---------------------+--------------+------+------+------------+-------------+
|     mdm_0/Dbg_Clk_1 |BUFGCTRL_X0Y31| No   |   70 |  0.510     |  2.050      |
+---------------------+--------------+------+------+------------+-------------+
|  mdm_0/Dbg_Update_1 |         Local|      |   21 |  1.494     |  3.203      |
+---------------------+--------------+------+------+------------+-------------+

* Net Skew is the difference between the minimum and maximum routing
only delays for the net. Note this is different from Clock Skew which
is reported in TRCE timing report. Clock Skew is the difference between
the minimum and maximum path delays which includes logic delays.

* The fanout is the number of component pins not the individual BEL loads,
for example SLICE loads not FF loads.

Timing Score: 0 (Setup: 0, Hold: 0, Component Switching Limit: 0)

Number of Timing Constraints that were not applied: 1

Asterisk (*) preceding a constraint indicates it was not met.
   This may be due to a setup or hold violation.

----------------------------------------------------------------------------------------------------------
  Constraint                                |    Check    | Worst Case |  Best Case | Timing |   Timing   
                                            |             |    Slack   | Achievable | Errors |    Score   
----------------------------------------------------------------------------------------------------------
  TS_sys_clk_pin = PERIOD TIMEGRP "sys_clk_ | MINLOWPULSE |     6.000ns|     4.000ns|       0|           0
  pin" 100 MHz HIGH 50%                     |             |            |            |        |            
----------------------------------------------------------------------------------------------------------
  TS_clock_generator_0_clock_generator_0_SI | SETUP       |     9.833ns|    10.167ns|       0|           0
  G_PLL0_CLKOUT0 = PERIOD TIMEGRP         " | HOLD        |     0.285ns|            |       0|           0
  clock_generator_0_clock_generator_0_SIG_P |             |            |            |        |            
  LL0_CLKOUT0" TS_sys_clk_pin         * 0.5 |             |            |            |        |            
   HIGH 50%                                 |             |            |            |        |            
----------------------------------------------------------------------------------------------------------


Derived Constraint Report
Review Timing Report for more details on the following derived constraints.
To create a Timing Report, run "trce -v 12 -fastpaths -o design_timing_report design.ncd design.pcf"
or "Run Timing Analysis" from Timing Analyzer (timingan).
Derived Constraints for TS_sys_clk_pin
+-------------------------------+-------------+-------------+-------------+-------------+-------------+-------------+-------------+
|                               |   Period    |       Actual Period       |      Timing Errors        |      Paths Analyzed       |
|           Constraint          | Requirement |-------------+-------------|-------------+-------------|-------------+-------------|
|                               |             |   Direct    | Derivative  |   Direct    | Derivative  |   Direct    | Derivative  |
+-------------------------------+-------------+-------------+-------------+-------------+-------------+-------------+-------------+
|TS_sys_clk_pin                 |     10.000ns|      4.000ns|      5.083ns|            0|            0|            0|       347649|
| TS_clock_generator_0_clock_gen|     20.000ns|     10.167ns|          N/A|            0|            0|       347649|            0|
| erator_0_SIG_PLL0_CLKOUT0     |             |             |             |             |             |             |             |
+-------------------------------+-------------+-------------+-------------+-------------+-------------+-------------+-------------+

All constraints were met.


Generating Pad Report.

All signals are completely routed.

WARNING:Par:283 - There are 2 loadless signals in this design. This design will cause Bitgen to issue DRC warnings.

Total REAL time to PAR completion: 1 mins 20 secs 
Total CPU time to PAR completion: 1 mins 21 secs 

Peak Memory Usage:  917 MB

Placer: Placement generated during map.
Routing: Completed - No errors found.
Timing: Completed - No errors found.

Number of error messages: 0
Number of warning messages: 4
Number of info messages: 0

Writing design to file system.ncd



PAR done!



#----------------------------------------------#
# Starting program post_par_trce
# trce -e 3 -xml system.twx system.ncd system.pcf 
#----------------------------------------------#
Release 14.1 - Trace  (lin64)
Copyright (c) 1995-2012 Xilinx, Inc.  All rights reserved.


PMSPEC -- Overriding Xilinx file
</opt/Xilinx/14.1/ISE_DS/EDK/virtex5/data/virtex5.acd> with local file
</opt/Xilinx/14.1/ISE_DS/ISE/virtex5/data/virtex5.acd>
Loading device for application Rf_Device from file '5vlx110t.nph' in environment
/opt/Xilinx/14.1/ISE_DS/ISE/:/opt/Xilinx/14.1/ISE_DS/EDK.
   "system" is an NCD, version 3.2, device xc5vlx110t, package ff1136, speed -1
--------------------------------------------------------------------------------
Release 14.1 Trace  (lin64)
Copyright (c) 1995-2012 Xilinx, Inc.  All rights reserved.

/opt/Xilinx/14.1/ISE_DS/ISE/bin/lin64/unwrapped/trce -e 3 -xml system.twx
system.ncd system.pcf


Design file:              system.ncd
Physical constraint file: system.pcf
Device,speed:             xc5vlx110t,-1 (PRODUCTION 1.73 2012-04-23, STEPPING
level 0)
Report level:             error report
--------------------------------------------------------------------------------

INFO:Timing:3412 - To improve timing, see the Timing Closure User Guide (UG612).
INFO:Timing:2752 - To get complete path coverage, use the unconstrained paths
   option. All paths that are not constrained will be reported in the
   unconstrained paths section(s) of the report.
INFO:Timing:3339 - The clock-to-out numbers in this timing report are based on a
   50 Ohm transmission line loading model.  For the details of this model, and
   for more information on accounting for different loading conditions, please
   see the device datasheet.


Timing summary:
---------------

Timing errors: 0  Score: 0 (Setup/Max: 0, Hold: 0)

Constraints cover 347649 paths, 0 nets, and 11361 connections

Design statistics:
   Minimum period:  10.167ns (Maximum frequency:  98.357MHz)


Analysis completed Tue Apr  9 17:53:35 2013
--------------------------------------------------------------------------------

Generating Report ...

Number of warnings: 0
Number of info messages: 3
Total time: 33 secs 


