
----------------------------------------------------------------------------
--                            File Generation                             --
----------------------------------------------------------------------------
Start Creating ISE project 
Start Creating drver source 

----------------------------------------------------------------------------
--                              Final Report                              --
----------------------------------------------------------------------------
Thank you for using Create and Import Peripheral Wizard!

Peripheral summary

  top name       : gcd_coprocessor
  version        : 1.00.a
  type           : FSL master slave
  features       : 

File Summary

  - HDL source -
  /home/cc/cs150/sp13/class/cs150-ad/pcores/gcd_coprocessor_v1_00_a/hdl/vhdl
  top level      : gcd_coprocessor.vhd

  - XPS interface -
  /home/cc/cs150/sp13/class/cs150-ad/pcores/gcd_coprocessor_v1_00_a/data
  mpd            : gcd_coprocessor_v2_1_0.mpd
  pao            : gcd_coprocessor_v2_1_0.pao

  - ISE project -
  /home/cc/cs150/sp13/class/cs150-ad/pcores/gcd_coprocessor_v1_00_a/devl/projnav
  ise project    : gcd_coprocessor.xise
  tcl script     : gcd_coprocessor.tcl


  - XST synthesis -
/home/cc/cs150/sp13/class/cs150-ad/pcores/gcd_coprocessor_v1_00_a/devl/synthesis
  xst script     : gcd_coprocessor_xst.scr
  xst project    : gcd_coprocessor_xst.prj

  - Misc file -
  /home/cc/cs150/sp13/class/cs150-ad/pcores/gcd_coprocessor_v1_00_a/devl
  help           : README.txt
  option         : ipwiz.opt
  log            : ipwiz.log

  - Driver source -
  /home/cc/cs150/sp13/class/cs150-ad/drivers/gcd_coprocessor_v1_00_a/src
  makefile       : Makefile
  header         : gcd_coprocessor.h
  source         : gcd_coprocessor.c

  - Driver interface -
  - user needs to add these to repositories path in SDK (Xilinx
Tools-->Repositories)
  /home/cc/cs150/sp13/class/cs150-ad/drivers/gcd_coprocessor_v1_00_a/data
  mdd            : gcd_coprocessor_v2_1_0.mdd
  tcl            : gcd_coprocessor_v2_1_0.tcl


