ISim log file
Running: /home/cc/cs150/sp13/class/cs150-ad/pcores/gcd_coprocessor_v1_00_a/devl/projnav/Testbench_isim_beh.exe -intstyle ise -gui -tclbatch isim.cmd -wdb /home/cc/cs150/sp13/class/cs150-ad/pcores/gcd_coprocessor_v1_00_a/devl/projnav/Testbench_isim_beh.wdb 
INFO: There is another simulation running in the same directory. Using database file name isim1.wdb.
ISim P.15xf (signature 0x8ddf5b5d)
----------------------------------------------------------------------
INFO:Security:50 - The XILINXD_LICENSE_FILE environment variable is set to '2100@license-srv.eecs.berkeley.edu'.
INFO:Security:53 - The LM_LICENSE_FILE environment variable is not set.
WARNING:Security:43 - No license file was found in the standard Xilinx license directory.
WARNING:Security:44 - Since no license file was found,
       please run the Xilinx License Configuration Manager
       (xlcm or "Manage Xilinx Licenses")
       to assist in obtaining a license.
WARNING:Security:42 - Your software subscription period has lapsed. Your current version of Xilinx tools will continue to function, but you no longer qualify for Xilinx software updates or new releases.


----------------------------------------------------------------------
This is a Full version of ISim.
Time resolution is 1 ps
# onerror resume
# wave add /
# run 1000 ns
Simulator is doing circuit initialization process.
Finished circuit initialization process.
test passed
Stopped at time : 290 ns : File "/home/cc/cs150/sp13/class/cs150-ad/lab5B/src/hardware/sim/Testbench.v" Line 128
The simulator has terminated in an unexpected manner.  Please review the ISim log (isim.log) for details.
# exit 0
